Using pre-set license
Built from '2021.3/staging' branch; Version is '2021.3.20f1 (577897200b8b) revision 5732503'; Using compiler version '192829333'; Build Type 'Release'
OS: 'Windows 11  (10.0.22621) 64bit Core' Language: 'en' Physical Memory: 16178 MB
BatchMode: 1, IsHumanControllingUs: 0, StartBugReporterOnCrash: 0, Is64bit: 1, IsPro: 1

COMMAND LINE ARGUMENTS:
D:\Program Files (x86)\Unity Editor\2021.3.20f1\Editor\Unity.exe
-adb2
-batchMode
-noUpm
-name
AssetImportWorker0
-projectPath
D:/Documents/GitHub/ARSculpture/AR Sculpture
-logFile
Logs/AssetImportWorker0.log
-srvPort
49457
Successfully changed project path to: D:/Documents/GitHub/ARSculpture/AR Sculpture
D:/Documents/GitHub/ARSculpture/AR Sculpture
[UnityMemory] Configuration Parameters - Can be set up in boot.config
    "memorysetup-bucket-allocator-granularity=16"
    "memorysetup-bucket-allocator-bucket-count=8"
    "memorysetup-bucket-allocator-block-size=33554432"
    "memorysetup-bucket-allocator-block-count=8"
    "memorysetup-main-allocator-block-size=16777216"
    "memorysetup-thread-allocator-block-size=16777216"
    "memorysetup-gfx-main-allocator-block-size=16777216"
    "memorysetup-gfx-thread-allocator-block-size=16777216"
    "memorysetup-cache-allocator-block-size=4194304"
    "memorysetup-typetree-allocator-block-size=2097152"
    "memorysetup-profiler-bucket-allocator-granularity=16"
    "memorysetup-profiler-bucket-allocator-bucket-count=8"
    "memorysetup-profiler-bucket-allocator-block-size=33554432"
    "memorysetup-profiler-bucket-allocator-block-count=8"
    "memorysetup-profiler-allocator-block-size=16777216"
    "memorysetup-profiler-editor-allocator-block-size=1048576"
    "memorysetup-temp-allocator-size-main=16777216"
    "memorysetup-job-temp-allocator-block-size=2097152"
    "memorysetup-job-temp-allocator-block-size-background=1048576"
    "memorysetup-job-temp-allocator-reduction-small-platforms=262144"
    "memorysetup-temp-allocator-size-background-worker=32768"
    "memorysetup-temp-allocator-size-job-worker=262144"
    "memorysetup-temp-allocator-size-preload-manager=33554432"
    "memorysetup-temp-allocator-size-nav-mesh-worker=65536"
    "memorysetup-temp-allocator-size-audio-worker=65536"
    "memorysetup-temp-allocator-size-cloud-worker=32768"
    "memorysetup-temp-allocator-size-gi-baking-worker=262144"
    "memorysetup-temp-allocator-size-gfx=262144"
Player connection [10676] Host "[IP] 10.24.124.230 [Port] 0 [Flags] 2 [Guid] 2463590594 [EditorId] 2463590594 [Version] 1048832 [Id] WindowsEditor(7,Marco-Laptop) [Debug] 1 [PackageName] WindowsEditor [ProjectName] Editor" joined multi-casting on [225.0.0.222:54997]...

Player connection [10676] Host "[IP] 10.24.124.230 [Port] 0 [Flags] 2 [Guid] 2463590594 [EditorId] 2463590594 [Version] 1048832 [Id] WindowsEditor(7,Marco-Laptop) [Debug] 1 [PackageName] WindowsEditor [ProjectName] Editor" joined alternative multi-casting on [225.0.0.222:34997]...

Refreshing native plugins compatible for Editor in 111.13 ms, found 10 plugins.
Preloading 0 native plugins for Editor in 0.00 ms.
Initialize engine version: 2021.3.20f1 (577897200b8b)
[Subsystems] Discovering subsystems at path D:/Program Files (x86)/Unity Editor/2021.3.20f1/Editor/Data/Resources/UnitySubsystems
[Subsystems] Discovering subsystems at path D:/Documents/GitHub/ARSculpture/AR Sculpture/Assets
GfxDevice: creating device client; threaded=0; jobified=0
Direct3D:
    Version:  Direct3D 11.0 [level 11.1]
    Renderer: NVIDIA GeForce GTX 1060 with Max-Q Design (ID=0x1c20)
    Vendor:   NVIDIA
    VRAM:     6043 MB
    Driver:   31.0.15.3129
Initialize mono
Mono path[0] = 'D:/Program Files (x86)/Unity Editor/2021.3.20f1/Editor/Data/Managed'
Mono path[1] = 'D:/Program Files (x86)/Unity Editor/2021.3.20f1/Editor/Data/MonoBleedingEdge/lib/mono/unityjit-win32'
Mono config path = 'D:/Program Files (x86)/Unity Editor/2021.3.20f1/Editor/Data/MonoBleedingEdge/etc'
Using monoOptions --debugger-agent=transport=dt_socket,embedding=1,server=y,suspend=n,address=127.0.0.1:56640
Begin MonoManager ReloadAssembly
Registering precompiled unity dll's ...
Register platform support module: D:/Program Files (x86)/Unity Editor/2021.3.20f1/Editor/Data/PlaybackEngines/WebGLSupport/UnityEditor.WebGL.Extensions.dll
Register platform support module: D:/Program Files (x86)/Unity Editor/2021.3.20f1/Editor/Data/PlaybackEngines/WindowsStandaloneSupport/UnityEditor.WindowsStandalone.Extensions.dll
Registered in 0.002693 seconds.
Native extension for WindowsStandalone target not found
Native extension for WebGL target not found
Refreshing native plugins compatible for Editor in 92.72 ms, found 10 plugins.
Preloading 0 native plugins for Editor in 0.00 ms.
Mono: successfully reloaded assembly
- Completed reload, in  0.688 seconds
Domain Reload Profiling:
	ReloadAssembly (688ms)
		BeginReloadAssembly (94ms)
			ExecutionOrderSort (0ms)
			DisableScriptedObjects (0ms)
			BackupInstance (0ms)
			ReleaseScriptingObjects (0ms)
			CreateAndSetChildDomain (1ms)
		EndReloadAssembly (497ms)
			LoadAssemblies (94ms)
			RebuildTransferFunctionScriptingTraits (0ms)
			SetupTypeCache (125ms)
			ReleaseScriptCaches (0ms)
			RebuildScriptCaches (28ms)
			SetupLoadedEditorAssemblies (294ms)
				LogAssemblyErrors (0ms)
				InitializePlatformSupportModulesInManaged (7ms)
				SetLoadedEditorAssemblies (1ms)
				RefreshPlugins (93ms)
				BeforeProcessingInitializeOnLoad (1ms)
				ProcessInitializeOnLoadAttributes (148ms)
				ProcessInitializeOnLoadMethodAttributes (44ms)
				AfterProcessingInitializeOnLoad (0ms)
				EditorAssembliesLoaded (0ms)
			ExecutionOrderSort2 (0ms)
			AwakeInstancesAfterBackupRestoration (0ms)
Platform modules already initialized, skipping
Registering precompiled user dll's ...
Registered in 0.008273 seconds.
Begin MonoManager ReloadAssembly
Symbol file LoadedFromMemory doesn't match image D:\Documents\GitHub\ARSculpture\AR Sculpture\Library\PackageCache\com.unity.visualscripting@1.8.0\Editor\VisualScripting.Core\Dependencies\DotNetZip\Unity.VisualScripting.IonicZip.dll
Symbol file LoadedFromMemory doesn't match image D:\Documents\GitHub\ARSculpture\AR Sculpture\Library\PackageCache\com.unity.visualscripting@1.8.0\Editor\VisualScripting.Core\Dependencies\YamlDotNet\Unity.VisualScripting.YamlDotNet.dll
Native extension for WindowsStandalone target not found
Native extension for WebGL target not found
Refreshing native plugins compatible for Editor in 98.25 ms, found 10 plugins.
Preloading 0 native plugins for Editor in 0.00 ms.
Package Manager log level set to [2]
Mono: successfully reloaded assembly
- Completed reload, in  1.528 seconds
Domain Reload Profiling:
	ReloadAssembly (1629ms)
		BeginReloadAssembly (248ms)
			ExecutionOrderSort (0ms)
			DisableScriptedObjects (6ms)
			BackupInstance (0ms)
			ReleaseScriptingObjects (0ms)
			CreateAndSetChildDomain (26ms)
		EndReloadAssembly (1261ms)
			LoadAssemblies (132ms)
			RebuildTransferFunctionScriptingTraits (0ms)
			SetupTypeCache (391ms)
			ReleaseScriptCaches (1ms)
			RebuildScriptCaches (62ms)
			SetupLoadedEditorAssemblies (658ms)
				LogAssemblyErrors (0ms)
				InitializePlatformSupportModulesInManaged (6ms)
				SetLoadedEditorAssemblies (0ms)
				RefreshPlugins (98ms)
				BeforeProcessingInitializeOnLoad (119ms)
				ProcessInitializeOnLoadAttributes (405ms)
				ProcessInitializeOnLoadMethodAttributes (25ms)
				AfterProcessingInitializeOnLoad (3ms)
				EditorAssembliesLoaded (0ms)
			ExecutionOrderSort2 (0ms)
			AwakeInstancesAfterBackupRestoration (7ms)
Platform modules already initialized, skipping
========================================================================
Worker process is ready to serve import requests
Launched and connected shader compiler UnityShaderCompiler.exe after 0.05 seconds
Refreshing native plugins compatible for Editor in 0.96 ms, found 10 plugins.
Preloading 0 native plugins for Editor in 0.00 ms.
Unloading 4240 Unused Serialized files (Serialized files now loaded: 0)
Unloading 50 unused Assets / (59.3 KB). Loaded Objects now: 4679.
Memory consumption went from 147.8 MB to 147.7 MB.
Total: 4.327900 ms (FindLiveObjects: 0.353600 ms CreateObjectMapping: 0.334400 ms MarkObjects: 3.533500 ms  DeleteObjects: 0.104600 ms)

AssetImportParameters requested are different than current active one (requested -> active):
  custom:video-decoder-ogg-theora: a1e56fd34408186e4bbccfd4996cb3dc -> 
  custom:container-muxer-webm: aa71ff27fc2769a1b78a27578f13a17b -> 
  custom:container-demuxer-webm: 4f35f7cbe854078d1ac9338744f61a02 -> 
  custom:video-encoder-webm-vp8: eb34c28f22e8b96e1ab97ce403110664 -> 
  custom:video-codec-MediaFoundation-h265: 746d11721c4dcdbdad8f713fa42b33f4 -> 
  custom:audio-encoder-webm-vorbis: bf7c407c2cedff20999df2af8eb42d56 -> 
  custom:framework-win-MediaFoundation: 216162199b28c13a410421893ffa2e32 -> 
  custom:container-demuxer-ogg: 62fdf1f143b41e24485cea50d1cbac27 -> 
  custom:video-decoder-webm-vp8: 9c59270c3fd7afecdb556c50c9e8de78 -> 
  custom:audio-decoder-ogg-vorbis: bf7c407c2cedff20999df2af8eb42d56 -> 
========================================================================
Received Import Request.
  Time since last request: 614706.686461 seconds.
  path: Assets/among us.jpg
  artifactKey: Guid(dad1130b5f8980f489ad2a8807a9f70c) Importer(815301076,1909f56bfc062723c751e8b465ee728b)
Start importing Assets/among us.jpg using Guid(dad1130b5f8980f489ad2a8807a9f70c) Importer(815301076,1909f56bfc062723c751e8b465ee728b)  -> (artifact id: '32076b2a6ad9b4779cc559c1e0da9fbd') in 0.572676 seconds 
========================================================================
Received Import Request.
  Time since last request: 50.115910 seconds.
  path: Assets/Scenes
  artifactKey: Guid(fea2b03111fd44c01a102c644b335bab) Importer(815301076,1909f56bfc062723c751e8b465ee728b)
Start importing Assets/Scenes using Guid(fea2b03111fd44c01a102c644b335bab) Importer(815301076,1909f56bfc062723c751e8b465ee728b)  -> (artifact id: '7f4d8491254060b9bfde9d7ba88fc176') in 0.005581 seconds 
========================================================================
Received Import Request.
  Time since last request: 2.498717 seconds.
  path: Assets/Scenes/BlankAR.unity
  artifactKey: Guid(6bdce89659816455b9f906fc62d19910) Importer(815301076,1909f56bfc062723c751e8b465ee728b)
Start importing Assets/Scenes/BlankAR.unity using Guid(6bdce89659816455b9f906fc62d19910) Importer(815301076,1909f56bfc062723c751e8b465ee728b)  -> (artifact id: '0591996df816897dc4b5f0633111a5e0') in 0.005764 seconds 
========================================================================
Received Import Request.
  Time since last request: 40.027443 seconds.
  path: Assets/Plugins
  artifactKey: Guid(a3397ca59aa2845d9b6915a23e597665) Importer(815301076,1909f56bfc062723c751e8b465ee728b)
Start importing Assets/Plugins using Guid(a3397ca59aa2845d9b6915a23e597665) Importer(815301076,1909f56bfc062723c751e8b465ee728b)  -> (artifact id: 'f592cfdb1b90b4106b2fc13f21061e26') in 0.006651 seconds 
========================================================================
Received Import Request.
  Time since last request: 1.765114 seconds.
  path: Assets/Prefab
  artifactKey: Guid(8a24a48c04b7cab41b8d83aec27dfa49) Importer(815301076,1909f56bfc062723c751e8b465ee728b)
Start importing Assets/Prefab using Guid(8a24a48c04b7cab41b8d83aec27dfa49) Importer(815301076,1909f56bfc062723c751e8b465ee728b)  -> (artifact id: '38e9bfd1dd17490461efc41026621e9a') in 0.008270 seconds 
========================================================================
Received Import Request.
  Time since last request: 0.039250 seconds.
  path: Assets/Prefab/cam.prefab
  artifactKey: Guid(c2765637e0866a64c8704f34e7d9ebd7) Importer(815301076,1909f56bfc062723c751e8b465ee728b)
Start importing Assets/Prefab/cam.prefab using Guid(c2765637e0866a64c8704f34e7d9ebd7) Importer(815301076,1909f56bfc062723c751e8b465ee728b)  -> (artifact id: 'a75e1e3a9d200f931b18396061915fa0') in 0.833476 seconds 
========================================================================
Received Import Request.
  Time since last request: 12.943135 seconds.
  path: Assets/Models
  artifactKey: Guid(58066a0c15efddb438e943df49222ad4) Importer(815301076,1909f56bfc062723c751e8b465ee728b)
Start importing Assets/Models using Guid(58066a0c15efddb438e943df49222ad4) Importer(815301076,1909f56bfc062723c751e8b465ee728b)  -> (artifact id: '0ef9922cc23eaa4f39d67b54d83c2037') in 0.007091 seconds 
========================================================================
Received Import Request.
  Time since last request: 0.500370 seconds.
  path: Assets/Models/cam.obj
  artifactKey: Guid(8e9dec7e554d12a418d8030565f5a259) Importer(815301076,1909f56bfc062723c751e8b465ee728b)
Start importing Assets/Models/cam.obj using Guid(8e9dec7e554d12a418d8030565f5a259) Importer(815301076,1909f56bfc062723c751e8b465ee728b)  -> (artifact id: '78cc847b5a75ec6cc3e5f65efa18fb4a') in 1.521695 seconds 
========================================================================
Received Import Request.
  Time since last request: 0.000018 seconds.
  path: Assets/Models/ship.obj
  artifactKey: Guid(d4250439f5701804283db224e3ea97a0) Importer(815301076,1909f56bfc062723c751e8b465ee728b)
Start importing Assets/Models/ship.obj using Guid(d4250439f5701804283db224e3ea97a0) Importer(815301076,1909f56bfc062723c751e8b465ee728b)  -> (artifact id: 'f13d8e47b73b6dff3b4c9d3c22e64ac7') in 0.027848 seconds 
========================================================================
Received Import Request.
  Time since last request: 21.673391 seconds.
  path: Assets/Prefab/ship.prefab
  artifactKey: Guid(5f08dcf6f131fc34d9f922328b178462) Importer(815301076,1909f56bfc062723c751e8b465ee728b)
Start importing Assets/Prefab/ship.prefab using Guid(5f08dcf6f131fc34d9f922328b178462) Importer(815301076,1909f56bfc062723c751e8b465ee728b)  -> (artifact id: '83b51f5a86792f509964fd6485d6c0a3') in 0.366416 seconds 
========================================================================
Received Import Request.
  Time since last request: 22.128160 seconds.
  path: Assets/Prefab/ReferenceImageLibrary.asset
  artifactKey: Guid(43c503ec6757d4a4cbc7a1538ad247dc) Importer(815301076,1909f56bfc062723c751e8b465ee728b)
Start importing Assets/Prefab/ReferenceImageLibrary.asset using Guid(43c503ec6757d4a4cbc7a1538ad247dc) Importer(815301076,1909f56bfc062723c751e8b465ee728b)  -> (artifact id: '4234c9c0e0a66736259d52cc9e1b5253') in 0.019076 seconds 
